2024-12-28T01:16:42+00:00 /
2024-12-28T01:32:54+00:00 /groups
2024-12-28T01:34:07+00:00 /groups
2024-12-28T01:35:45+00:00 /groups
2024-12-28T01:36:06+00:00 /groups
2024-12-28T01:39:43+00:00 /groups
2024-12-28T02:24:12+00:00 /groups
2024-12-28T02:25:20+00:00 /groups
2024-12-28T02:26:34+00:00 /groups
2024-12-28T02:28:58+00:00 /groups
2024-12-28T02:29:57+00:00 /groups
2024-12-28T02:33:01+00:00 /groups
2024-12-28T02:33:52+00:00 /groups
2024-12-28T02:35:02+00:00 /groups
2024-12-28T02:35:16+00:00 /groups
2024-12-28T02:35:53+00:00 /groups
2024-12-28T02:36:15+00:00 /groups
2024-12-28T02:37:00+00:00 /groups
2024-12-28T02:37:05+00:00 /groups
2024-12-28T02:38:12+00:00 /groups
2024-12-28T02:38:56+00:00 /groups
2024-12-28T02:40:00+00:00 /groups
2024-12-28T02:42:14+00:00 /groups
2024-12-28T02:45:09+00:00 /groups
2024-12-28T02:47:01+00:00 /groups
2024-12-28T02:48:08+00:00 /groups
2024-12-28T02:49:06+00:00 /groups
2024-12-28T02:49:46+00:00 /groups
2024-12-28T02:51:38+00:00 /groups
2024-12-28T02:51:53+00:00 /groups
2024-12-28T02:53:06+00:00 /groups
2024-12-28T02:53:30+00:00 /groups
2024-12-28T02:54:01+00:00 /groups
2024-12-28T02:54:36+00:00 /groups
2024-12-28T02:56:06+00:00 /groups
2024-12-28T02:56:31+00:00 /groups
2024-12-28T02:57:43+00:00 /groups
2024-12-28T03:07:37+00:00 /groups
2024-12-28T03:08:48+00:00 /groups
2024-12-28T03:12:33+00:00 /groups
2024-12-28T03:16:02+00:00 /groups
2024-12-28T03:19:01+00:00 /groups
2024-12-28T03:20:22+00:00 /groups
2024-12-28T03:20:36+00:00 /groups
2024-12-28T03:21:34+00:00 /groups
2024-12-28T03:22:23+00:00 /groups
2024-12-28T03:23:48+00:00 /groups
2024-12-28T03:24:40+00:00 /groups
2024-12-28T03:25:38+00:00 /groups
2024-12-28T03:25:47+00:00 /groups
2024-12-28T03:26:29+00:00 /groups
2024-12-28T03:27:33+00:00 /groups
2024-12-28T03:27:45+00:00 /groups
2024-12-28T03:28:05+00:00 /groups
2024-12-28T03:28:29+00:00 /groups
2024-12-28T03:28:52+00:00 /groups
2024-12-28T03:29:33+00:00 /groups
2024-12-28T03:30:02+00:00 /groups
2024-12-28T03:30:44+00:00 /groups
2024-12-28T03:30:57+00:00 /groups
2024-12-28T03:32:21+00:00 /groups
2024-12-28T03:33:13+00:00 /groups
2024-12-28T03:33:21+00:00 /groups
2024-12-28T03:34:58+00:00 /groups
2024-12-28T03:35:02+00:00 /groups
2024-12-28T03:35:10+00:00 /groups
2024-12-28T03:35:25+00:00 /groups
2024-12-28T03:37:29+00:00 /groups
2024-12-28T03:39:10+00:00 /groups
2024-12-28T03:39:56+00:00 /groups
2024-12-28T03:40:32+00:00 /groups
2024-12-28T03:42:26+00:00 /groups
2024-12-28T03:42:55+00:00 /groups
2024-12-28T03:42:58+00:00 /groups
2024-12-28T03:42:59+00:00 /groups
2024-12-28T03:44:38+00:00 /groups
2024-12-28T03:45:18+00:00 /groups
2024-12-28T03:45:35+00:00 /groups
2024-12-28T03:45:52+00:00 /groups
2024-12-28T03:46:24+00:00 /groups
2024-12-28T03:46:43+00:00 /groups
2024-12-28T03:47:00+00:00 /groups
2024-12-28T03:47:17+00:00 /groups
2024-12-28T03:47:26+00:00 /groups
2024-12-28T03:48:01+00:00 /groups
2024-12-28T03:48:33+00:00 /groups
2024-12-28T03:49:16+00:00 /groups
2024-12-28T03:49:44+00:00 /groups
2024-12-28T03:53:27+00:00 /groups
2024-12-28T03:53:56+00:00 /groups
2024-12-28T03:54:37+00:00 /groups
2024-12-28T03:55:02+00:00 /groups
2024-12-28T03:55:03+00:00 /groups
2024-12-28T03:57:26+00:00 /groups
2024-12-28T03:58:19+00:00 /groups
2024-12-28T03:58:28+00:00 /groups
2024-12-28T03:58:44+00:00 /groups
2024-12-28T03:58:47+00:00 /groups
2024-12-28T03:59:06+00:00 /groups
2024-12-28T03:59:33+00:00 /groups
2024-12-28T03:59:43+00:00 /groups
2024-12-28T03:59:48+00:00 /groups
2024-12-28T03:59:51+00:00 /groups
2024-12-28T03:59:54+00:00 /groups
2024-12-28T04:00:24+00:00 /groups
INFO: /src/Handlers/LogHandler.php @handle #23: 2024-12-28T20:44:18+00:00 GET /
INFO: /src/Handlers/LogHandler.php @handle #23: 2024-12-28T20:50:26+00:00 GET /
INFO: /src/Handlers/LogHandler.php @handle #23: 2024-12-28T20:50:33+00:00 GET /
INFO: /src/Handlers/LogHandler.php @handle #23: 2024-12-28T20:52:14+00:00 GET /
DEBUG: /src/Core/Kernel.php @registerGlobalHandlers #47: {}
INFO: /src/Handlers/LogHandler.php @handle #23: 2024-12-28T20:54:52+00:00 GET /
DEBUG: /src/Core/Kernel.php @registerGlobalHandlers #47: {}
INFO: /src/Handlers/LogHandler.php @handle #23: 2024-12-28T20:59:05+00:00 GET /
DEBUG: /src/Core/Kernel.php @registerGlobalHandlers #47: {}
INFO: /src/Handlers/LogHandler.php @handle #23: 2024-12-29T01:41:01+00:00 GET /
DEBUG: /src/Core/Kernel.php @registerGlobalHandlers #47: {}
INFO: /src/Handlers/LogHandler.php @handle #23: 2024-12-29T01:41:41+00:00 GET /
DEBUG: /src/Core/Kernel.php @registerGlobalHandlers #47: {}
INFO: /src/Handlers/LogHandler.php @handle #23: 2024-12-29T01:44:35+00:00 GET /
DEBUG: /src/Core/Kernel.php @registerGlobalHandlers #47: {}
INFO: /src/Handlers/LogHandler.php @handle #23: 2024-12-29T01:46:13+00:00 GET /
DEBUG: /src/Core/Kernel.php @registerGlobalHandlers #47: {}
INFO: /src/Handlers/LogHandler.php @handle #23: 2024-12-29T01:58:06+00:00 GET /login
INFO: /src/Handlers/LogHandler.php @handle #23: 2024-12-29T01:59:16+00:00 GET /login
INFO: /src/Handlers/LogHandler.php @handle #23: 2024-12-29T01:59:17+00:00 GET /login
INFO: /src/Handlers/LogHandler.php @handle #23: 2024-12-29T01:59:18+00:00 GET /login
INFO: /src/Handlers/LogHandler.php @handle #23: 2025-01-02T02:33:56+00:00 GET /
INFO: /src/Handlers/LogHandler.php @handle #23: 2025-01-02T02:37:37+00:00 GET /login
INFO: /src/Handlers/LogHandler.php @handle #23: 2025-01-02T02:39:33+00:00 POST /login
INFO: /src/Handlers/LogHandler.php @handle #23: 2025-01-02T02:53:33+00:00 GET /login
INFO: /src/Handlers/LogHandler.php @handle #23: 2025-01-02T02:54:52+00:00 GET /login
INFO: /src/Handlers/LogHandler.php @handle #23: 2025-01-02T02:54:57+00:00 POST /login
INFO: /src/Handlers/LogHandler.php @handle #23: 2025-01-02T02:55:52+00:00 POST /login
INFO: /src/Handlers/LogHandler.php @handle #23: 2025-01-02T02:55:56+00:00 POST /login
INFO: /src/Handlers/LogHandler.php @handle #23: 2025-01-02T02:56:29+00:00 POST /login
INFO: /src/Handlers/LogHandler.php @handle #23: 2025-01-02T02:57:05+00:00 POST /login
INFO: /src/Handlers/LogHandler.php @handle #23: 2025-01-02T02:57:55+00:00 POST /login
INFO: /src/Handlers/LogHandler.php @handle #23: 2025-01-02T03:04:59+00:00 POST /login
INFO: /src/Handlers/LogHandler.php @handle #23: 2025-01-02T03:05:33+00:00 POST /login
INFO: /src/Handlers/LogHandler.php @handle #23: 2025-01-02T03:05:48+00:00 POST /login
INFO: /src/Handlers/LogHandler.php @handle #23: 2025-01-02T03:06:38+00:00 POST /login
INFO: /src/Handlers/LogHandler.php @handle #23: 2025-01-02T03:07:22+00:00 POST /login
INFO: /src/Handlers/LogHandler.php @handle #23: 2025-01-02T03:07:36+00:00 POST /login
INFO: /src/Handlers/LogHandler.php @handle #23: 2025-01-02T03:08:07+00:00 POST /login
INFO: /src/Handlers/LogHandler.php @handle #23: 2025-01-02T03:08:17+00:00 POST /login
INFO: /src/Handlers/LogHandler.php @handle #23: 2025-01-02T03:09:14+00:00 POST /login
INFO: /src/Handlers/LogHandler.php @handle #23: 2025-01-02T03:09:16+00:00 POST /login
INFO: /src/Handlers/LogHandler.php @handle #23: 2025-01-02T03:12:08+00:00 GET /signup
INFO: /src/Handlers/LogHandler.php @handle #23: 2025-01-02T03:16:55+00:00 GET /signup
INFO: /src/Handlers/LogHandler.php @handle #23: 2025-01-02T03:17:53+00:00 GET /signup
INFO: /src/Handlers/LogHandler.php @handle #23: 2025-01-02T03:18:51+00:00 POST /signup
INFO: /src/Handlers/LogHandler.php @handle #23: 2025-01-02T03:19:06+00:00 POST /signup
INFO: /src/Handlers/LogHandler.php @handle #23: 2025-01-02T03:19:08+00:00 POST /signup
INFO: /src/Handlers/LogHandler.php @handle #23: 2025-01-02T03:19:37+00:00 POST /signup
INFO: /src/Handlers/LogHandler.php @handle #23: 2025-01-02T03:20:05+00:00 POST /signup
INFO: /src/Handlers/LogHandler.php @handle #23: 2025-01-02T03:20:17+00:00 POST /signup
INFO: /src/Handlers/LogHandler.php @handle #23: 2025-01-02T03:21:14+00:00 POST /signup
INFO: /src/Handlers/LogHandler.php @handle #23: 2025-01-02T03:22:01+00:00 POST /signup
INFO: /src/Handlers/LogHandler.php @handle #23: 2025-01-02T03:22:37+00:00 POST /signup
INFO: /src/Handlers/LogHandler.php @handle #23: 2025-01-02T03:23:30+00:00 POST /signup
INFO: /src/Handlers/LogHandler.php @handle #23: 2025-01-02T03:24:48+00:00 POST /signup
INFO: /src/Handlers/LogHandler.php @handle #23: 2025-01-02T03:25:38+00:00 POST /signup
INFO: /src/Handlers/LogHandler.php @handle #23: 2025-01-02T03:26:12+00:00 POST /signup
INFO: /src/Handlers/LogHandler.php @handle #23: 2025-01-02T03:26:47+00:00 POST /signup
INFO: /src/Handlers/LogHandler.php @handle #23: 2025-01-02T03:27:35+00:00 POST /signup
INFO: /src/Handlers/LogHandler.php @handle #23: 2025-01-02T03:28:04+00:00 POST /signup
INFO: /src/Handlers/LogHandler.php @handle #23: 2025-01-02T03:32:11+00:00 POST /signup
INFO: /src/Handlers/LogHandler.php @handle #23: 2025-01-02T03:32:39+00:00 POST /signup
DEBUG: /app/Auth/UsersTable.php @insert #22: {"id":"b0aabdd3-0e2f-457a-9204-b958f17d08ec","name":"Phil H.","email":"phillip@phillipharrington.com","password":"$2y$12$crtguUINh1snSU7P4QP7ruVBi8oH2aBkiLCpJ2G1y4wbf8N6WxNFa","remember_token":null,"last_login_at":null,"email_verified_at":null}
INFO: /src/Handlers/LogHandler.php @handle #23: 2025-01-02T03:33:21+00:00 POST /signup
DEBUG: /app/Auth/UsersTable.php @insert #22: {"id":"911ad6f6-f623-4257-ab1b-d72a25852782","name":"Phil H.","email":"phillip@phillipharrington.com","password":"$2y$12$XHCfQwAOJpsWECN6dp.eDOVOWH.SP9QxpGQPinZh/HECa/mo7VCuG","remember_token":null,"last_login_at":null,"email_verified_at":null}
INFO: /src/Handlers/LogHandler.php @handle #23: 2025-01-02T03:35:32+00:00 POST /signup
DEBUG: /app/Auth/UsersTable.php @insert #22: {"id":"14217f5b-a5e4-4272-9570-1d092ae073ea","name":"Phil H.","email":"phillip@phillipharrington.com","password":"$2y$12$p5et8b4DXW1eLFN4qbUuBu4mxaD.YVvQ3GVnTOAYRSWmqqXVoJHkW","remember_token":null,"last_login_at":null,"email_verified_at":null}
INFO: /src/Handlers/LogHandler.php @handle #23: 2025-01-02T03:36:02+00:00 POST /signup
DEBUG: /app/Auth/UsersTable.php @insert #22: {"id":"abc1d0b2-7e69-4ef1-9a56-ddb0eeac4c2c","name":"Phil H.","email":"phillip@phillipharrington.com","password":"$2y$12$RAUfNb7tr/b.bsF5IrDELuodojBkI3jN3Bk3g.X6xzWBt3O.zWhDO","remember_token":null,"last_login_at":null,"email_verified_at":null}
INFO: /src/Handlers/LogHandler.php @handle #23: 2025-01-02T03:38:47+00:00 POST /signup
DEBUG: /app/Auth/UsersTable.php @insert #22: {"id":"8bcfbd59-9319-4e8c-9aeb-99eb00141093","name":"Phil H.","email":"phillip@phillipharrington.com","password":"$2y$12$qYD1NgqWIUkdDWEPZDilpOQctSXsDTUnczAfCnZxckfeggNrSfxxC","remember_token":null,"last_login_at":null,"email_verified_at":null}
INFO: /src/Handlers/LogHandler.php @handle #23: 2025-01-02T03:39:58+00:00 POST /signup
DEBUG: /app/Auth/UsersTable.php @insert #22: {"id":"6d6d2531-5ca0-4acb-869a-7c740496b5f0","name":"Phil H.","email":"phillip@phillipharrington.com","password":"$2y$12$sz1t7Fks2J0dfZlp5akDwOj/kFLGn2vhf9kCgjsTH4fKlatsbchS.","remember_token":null,"last_login_at":null,"email_verified_at":null}
INFO: /src/Handlers/LogHandler.php @handle #23: 2025-01-02T03:40:12+00:00 POST /signup
DEBUG: /app/Auth/UsersTable.php @insert #22: {"id":"b902daa5-5a0a-4531-89fb-c2c29f79701b","name":"Phil H.","email":"phillip@phillipharrington.com","password":"$2y$12$ek.tllt5xvQTEd53eFeWz.Mm6deIMoWreLnOMz4MuQnrcX8k0b7i6","remember_token":null,"last_login_at":null,"email_verified_at":null}
INFO: /src/Handlers/LogHandler.php @handle #23: 2025-01-02T03:43:47+00:00 POST /signup
INFO: /src/Handlers/LogHandler.php @handle #23: 2025-01-02T03:47:01+00:00 POST /signup
INFO: /src/Handlers/LogHandler.php @handle #23: 2025-01-02T03:47:14+00:00 POST /signup
INFO: /src/Handlers/LogHandler.php @handle #23: 2025-01-02T03:47:35+00:00 POST /signup
INFO: /src/Handlers/LogHandler.php @handle #23: 2025-01-02T03:55:53+00:00 POST /signup
INFO: /src/Handlers/LogHandler.php @handle #23: 2025-01-02T03:56:13+00:00 POST /signup
INFO: /src/Handlers/LogHandler.php @handle #23: 2025-01-02T03:56:59+00:00 POST /signup
INFO: /src/Handlers/LogHandler.php @handle #23: 2025-01-02T03:59:36+00:00 POST /signup
INFO: /src/Handlers/LogHandler.php @handle #23: 2025-01-02T04:01:11+00:00 POST /signup
INFO: /src/Handlers/LogHandler.php @handle #23: 2025-01-02T04:06:30+00:00 POST /signup
INFO: /src/Handlers/LogHandler.php @handle #23: 2025-01-02T04:07:18+00:00 POST /signup
INFO: /src/Handlers/LogHandler.php @handle #23: 2025-01-02T04:08:18+00:00 POST /signup
INFO: /src/Handlers/LogHandler.php @handle #23: 2025-01-02T04:09:02+00:00 POST /signup
INFO: /src/Handlers/LogHandler.php @handle #23: 2025-01-02T04:09:25+00:00 POST /signup
INFO: /src/Handlers/LogHandler.php @handle #23: 2025-01-02T12:40:03+00:00 POST /signup
